<?xml version="1.0" encoding="UTF-8"?>
<!-- Generated by org.testng.reporters.JUnitReportReporter -->
<testsuite hostname="Navids-MacBook-Pro.local" failures="0" tests="2" name="cannabistest.OCSVerifyCart" time="50.288" errors="0" timestamp="09 May 2020 04:33:50 GMT" skipped="0">
  <testcase classname="cannabistest.OCSVerifyCart" name="verifying_With_Illegal_Amount_Of_Product_To_Cart" time="22.128"/>
  <testcase classname="cannabistest.OCSVerifyCart" name="verifying_With_Legal_Amount_Of_Product_To_Cart" time="28.160"/>
</testsuite> <!-- cannabistest.OCSVerifyCart -->
